h:\visual studio 2013\projects\ie\ie\debug\ie.pch
h:\visual studio 2013\projects\ie\ie\debug\vc120.pdb
h:\visual studio 2013\projects\ie\ie\debug\vc120.idb
h:\visual studio 2013\projects\ie\ie\debug\stdafx.obj
h:\visual studio 2013\projects\ie\ie\debug\explorer1.obj
h:\visual studio 2013\projects\ie\ie\debug\ie.obj
h:\visual studio 2013\projects\ie\ie\debug\iedlg.obj
h:\visual studio 2013\projects\ie\debug\ie.ilk
h:\visual studio 2013\projects\ie\debug\ie.exe
h:\visual studio 2013\projects\ie\debug\ie.pdb
h:\visual studio 2013\projects\ie\ie\debug\ie.res
h:\visual studio 2013\projects\ie\ie\debug\ie.tlog\cl.command.1.tlog
h:\visual studio 2013\projects\ie\ie\debug\ie.tlog\cl.read.1.tlog
h:\visual studio 2013\projects\ie\ie\debug\ie.tlog\cl.write.1.tlog
h:\visual studio 2013\projects\ie\ie\debug\ie.tlog\link.command.1.tlog
h:\visual studio 2013\projects\ie\ie\debug\ie.tlog\link.read.1.tlog
h:\visual studio 2013\projects\ie\ie\debug\ie.tlog\link.write.1.tlog
h:\visual studio 2013\projects\ie\ie\debug\ie.tlog\rc.command.1.tlog
h:\visual studio 2013\projects\ie\ie\debug\ie.tlog\rc.read.1.tlog
h:\visual studio 2013\projects\ie\ie\debug\ie.tlog\rc.write.1.tlog
