生成启动时间为 2018/9/13 星期四 11:43:20。
     1>项目“H:\Visual Studio 2013\Projects\IE\IE\IE.vcxproj”在节点 2 上(Rebuild 个目标)。
     1>C:\Program Files (x86)\MSBuild\Microsoft.Cpp\v4.0\V120\Microsoft.CppBuild.targets(388,5): warning MSB8028: The intermediate directory (Release\) contains files shared from another project (IE.vcxproj).  This can lead to incorrect clean and rebuild behavior.
     1>ClCompile:
         E:\software\VisualStudio2013\VC\bin\CL.exe /c /Zi /nologo /W3 /WX- /sdl /O2 /Oi /Oy- /GL /D WIN32 /D _WINDOWS /D NDEBUG /D _MBCS /Gm- /EHsc /MT /GS /Gy /fp:precise /Zc:wchar_t /Zc:forScope /Yc"stdafx.h" /Fp"Release\SOARSOFTPlayer.pch" /Fo"Release\\" /Fd"Release\vc120.pdb" /Gd /TP /analyze- /errorReport:prompt stdafx.cpp
         stdafx.cpp
     1>E:\software\VisualStudio2013\VC\atlmfc\include\afx.h(38): warning C4996: 'MBCS_Support_Deprecated_In_MFC': MBCS support in MFC is deprecated and may be removed in a future version of MFC.
                 E:\software\VisualStudio2013\VC\atlmfc\include\afx.h(33) : 参见“MBCS_Support_Deprecated_In_MFC”的声明
         E:\software\VisualStudio2013\VC\bin\CL.exe /c /Zi /nologo /W3 /WX- /sdl /O2 /Oi /Oy- /GL /D WIN32 /D _WINDOWS /D NDEBUG /D _MBCS /Gm- /EHsc /MT /GS /Gy /fp:precise /Zc:wchar_t /Zc:forScope /Yu"stdafx.h" /Fp"Release\SOARSOFTPlayer.pch" /Fo"Release\\" /Fd"Release\vc120.pdb" /Gd /TP /analyze- /errorReport:prompt explorer1.cpp IE.cpp IEDlg.cpp
         explorer1.cpp
         IE.cpp
         IEDlg.cpp
     1>IEDlg.cpp(78): warning C4244: “参数”: 从“double”转换到“int”，可能丢失数据
       ResourceCompile:
         C:\Program Files (x86)\Windows Kits\8.1\bin\x86\rc.exe /D NDEBUG /l"0x0804" /IRelease\ /nologo /fo"Release\IE.res" IE.rc 
       Link:
         E:\software\VisualStudio2013\VC\bin\link.exe /ERRORREPORT:PROMPT /OUT:"H:\Visual Studio 2013\Projects\IE\Release\SOARSOFTPlayer.exe" /INCREMENTAL:NO /NOLOGO /MANIFEST /MANIFESTUAC:"level='asInvoker' uiAccess='false'" /manifest:embed /manifestinput:E:\software\VisualStudio2013\VC\Include\Manifest\dpiaware.manifest /DEBUG /PDB:"H:\Visual Studio 2013\Projects\IE\Release\SOARSOFTPlayer.pdb" /SUBSYSTEM:WINDOWS /LARGEADDRESSAWARE /OPT:REF /OPT:ICF /LTCG /TLBID:1 /DYNAMICBASE /NXCOMPAT /IMPLIB:"H:\Visual Studio 2013\Projects\IE\Release\SOARSOFTPlayer.lib" /MACHINE:X86 /SAFESEH Release\IE.res
         Release\explorer1.obj
         Release\IE.obj
         Release\IEDlg.obj
         Release\stdafx.obj
         正在生成代码
         已完成代码的生成
         IE.vcxproj -> H:\Visual Studio 2013\Projects\IE\Release\SOARSOFTPlayer.exe
     1>已完成生成项目“H:\Visual Studio 2013\Projects\IE\IE\IE.vcxproj”(Rebuild 个目标)的操作。

生成成功。

已用时间 00:00:18.05
